INFO Checking 931 IDs (670〜1600) with 6 workers...
INFO ✓ [677] 7/7  競技志向社交ダンスサークル再開！
INFO ✓ [684] 7/7  競技志向社交ダンスサークル再開！
INFO ✓ [691] 7/21の内容 フットワークをダンスに活かそう！
INFO ✓ [701] 8/4のテーマ スイングダンスにメトロノームスイングを活かそう！
INFO ✓ [704] 動画追加しました！＞8/18のテーマ 重心・体幹から自分の身体のサイズを知る
INFO ✓ [710] 9/1タンゴ 足のツイストと肩甲骨、背骨。
INFO ✓ [717] フレッシュペア 練習ステップのまとめ
INFO ✓ [726] 9/15 タンゴ 床とコネクトする方法
INFO ✓ [722] FleshPair-quickstep202009
INFO ✓ [724] フレッシュペア 練習ステップのまとめ
INFO ✓ [725] フレッシュペア ワルツタンゴスロークイックステップ
INFO ✓ [735] 9/29 ローテーションの復習とタンゴのムーブメント
INFO ✓ [740] 10/6 アウトサイドパートナーを極めよう！ ローテーションと右腰がポイント
INFO ✓ [744] 10/20 顔の向きを明確に！ Tango
INFO ✓ [747] 10/20 顔の向きを明確に！ Tango
INFO ✓ [757] 11/17 スウェイをする上で意識すべきこと ワルツ
INFO ✓ [760] 12/1 スウェイとショルダーの関係
INFO ✓ [763] 12/15 アクティブに身体を使って動こう！アクティブに動くコツ！
INFO ✓ [767] 1/5 謹賀新年 踊り初め
INFO ✓ [770] 休会のご連絡
INFO ✓ [773] オンライン ベニーズワルツ講座
INFO ✓ [778] ４月６日 〜 競技志向社交ダンスサークル 再開します！
INFO ✓ [784] kenono
INFO ✓ [850] 4/20のサークル時間変更➔18:30〜19:50
INFO ✓ [856] 【重要】5/18はお休みになりました。
INFO ✓ [860] 6/1はお休みです。
INFO ✓ [867] 6/29はお休みです。
INFO ✓ [872] 10月第３週から再開！　ワルツ
INFO ✓ [875] 54D81840-D6A3-4359-BB0B-557290CC094C
INFO ✓ [876] 668AF0AA-93EF-44D1-A992-B8BF86897882
INFO ✓ [884] 10月第３週から再開！
INFO ✓ [892] new-ebaradaiichi
INFO ✓ [906] 11月の開催について
INFO ✓ [908] 11/2 16はお休み( *o* )　11/30は開催します！
INFO ✓ [910] フレッシュペア 連絡先
INFO ✓ [920] 11/30 中小企業センターにて開催します スロー
INFO ✓ [927] 12/7,21 綺麗なホールドで動く練習　ワルツ スロー
INFO ✓ [937] 新 荏原第一区民集会所　／武蔵小山駅前に移転しました！
INFO ✓ [941] ebara-dai1
INFO ✓ [944] 荏原第二区民集会所
INFO ✓ [957] header-dance-scene
INFO ✓ [958] header-dance_scene
INFO ✓ [969] 競技志向社交ダンスサークル ＠荏原第一区民集会所
INFO ✓ [970] 競技志向社交ダンスサークル ＠荏原第二区民集会所
INFO ✓ [981] 1/18 伸びやかダンス 体重移動とバランスの練習 ワルツ スロー
INFO ✓ [988] 2/1 伸びやかな踊りを目指して  正しいワインドアップからのスイング　ワルツ
INFO ✓ [992] 2/15 滑らかな動きを作る骨盤の使い方 ワルツ＆タンゴ
INFO ✓ [1006] 3/1 センター月間　パーソナルセンター
INFO ✓ [1010] 3/15 センター月間　コモンセンター（カップルの中心）
INFO ✓ [1013] 3/29 センター月間　上中下丹田で踊り分ける。←効率の良い練習方法です！
INFO ✓ [1020] 4/5 身体の使い方月間 　レベル別ボディーの使い方
INFO ✓ [1029] 4/19 身体の使い方月間  綺麗なネックラインと顔の向き
INFO ✓ [1034] 5/31 ローテーション、スウェイのコーディネイト
INFO ✓ [1036] 6/7 ストレッチと社交ダンス
INFO ✓ [1043] 6/21 スイング中とピクチャーでのストレッチ
INFO ✓ [1046] 7/19 Tango特集！ タンゴの特徴とベース
INFO ✓ [1059] 8/2 ショルダーライン　肩上がってないですか？？
INFO ✓ [1062] 8/16ショルダーライン　ライズとスウェイ
INFO ✓ [1074] 10/4 綺麗なラインを保ってパワフルに大きく動く方法
INFO ✓ [1080] 10/18 反動を使って踊りに緩急をつける方法
INFO ✓ [1092] 11/1 下半身の動きを上半身に伝える！
INFO ✓ [1096] 11/15 スクイーズと背骨の使い方
INFO ✓ [1104] 12/6 ネックチェンジの復習
INFO ✓ [1110] 12/20 Beautiful Line 美しい身体のラインを出そう
INFO ✓ [1119] 1/17 安定感！ 軸と骨格編
INFO ✓ [1114] 859455D3-9AFF-41B8-9D6A-77067CFCD011
INFO ✓ [1124] 1/31 安定感！ スイングと絞り編
INFO ✓ [1128] 2/7 表現力 音楽の聞き方
INFO ✓ [1136] 2/21 表現力 Tangoらしく Quickstepらしく踊ろう！
INFO ✓ [1141] 3/7 頭の位置と向きを安定させよう
INFO ✓ [1144] 3/28 トップラインの秘密を解明！広いトップラインを実現する回転と絞り
INFO ✓ [1152] 4/4 基本姿勢と軸のある動き
INFO ✓ [1157] 5/2 傾けないスウェイ？！
INFO ✓ [1164] 5/16 スローでスウェイとホールド、身体の使い方を練習しましょう！
INFO ✓ [1169] 5/30 スローでスウェイとホールド、身体の使い方を練習しましょう！
INFO ✓ [1172] 6/20 Devideで歩幅を広げる
INFO ✓ [1183] 6/6 動きを大きくしよう！
INFO ✓ [1189] 7/4  美しいムーブメントとラインのためのフットワーク
INFO ✓ [1195] 8/1  骨盤底筋を意識しよう！ ボディが落ちてるなんて言わせない。
INFO ✓ [1197] 骨盤底筋群
INFO ✓ [1204] 8/15 骨盤と脊柱の連動性：ムーブメントへの応用
INFO ✓ [1210] 8/29 骨盤の安定感と動かし方 総復習
INFO ✓ [1215] 9/5 “横隔膜で変わる！” 姿勢とローテーションをレベルアップ
INFO ✓ [1219] 9/19 “横隔膜特集！” 呼吸のマジック
INFO ✓ [1226] 10/3 ローテーションとスウェイを使いこなそう！
INFO ✓ [1231] 10/17 ローテーションとスウェイを使いこなそう！
INFO ✓ [1236] 10/31 動きを軽くするポイントはここ！
INFO ✓ [1243] 11/7 動きを軽くするポイント第2段 背中に注目！
INFO ✓ [1251] 12/5 2023年最後の月！踊りを自己分析しよう！
INFO ✓ [1255] 12/19 練習の理想形をシュミレートしよう！
INFO ✓ [1261] 1/16 トレーニングと社交ダンス 1
INFO ✓ [1270] 1/30 トレーニングと社交ダンス 2  足の揃え方
INFO ✓ [1276] 2/6 これだけは守ってほしいBの形
INFO ✓ [1279] 2/20 これだけは守ってほしい 前から見た形 Y
INFO ✓ [1288] 3/5 なぜ崩れるのか？  相手を考えすぎ？？
INFO ✓ [1291] 3/5 なぜ崩れるのか？  相手を考えすぎ？？
INFO ✓ [1297] 3/19 ロワーでリカバーできてる？  綺麗なロワーが続くスイングを綺麗にする。
INFO ✓ [1302] 4/2 足元が変えるムーブメントの常識
INFO ✓ [1307] 4/30 足の出し方でムーブメントを変える！
INFO ✓ [1312] 5/7 体幹使えてる？？
INFO ✓ [1315] 5/21 タンゴでの体幹の使い方
INFO ✓ [1321] 6/4 スローフォックストロットの特徴を表現しよう
INFO ✓ [1331] 6/18 アップを踊り分けよう　スローフォックストロット
INFO ✓ [1340] 7/16 ターンに役立つ1歩目の出し方 ワルツ編
INFO ✓ [1345] 7/30 ワルツ 一歩目の出し方の復習と推進力の出し方
INFO ✓ [1351] 8/20 心技体で表現力を高めよう！
INFO ✓ [1361] 9/3 超大事なボディ（肋骨）の向きと向け方
INFO ✓ [1356] メガホン持ちのドラゴン
INFO ✓ [1365] 9/17  ボディの向きとトップの広がりの関係
INFO ✓ [1371] 10/1 すべらない踊り
INFO ✓ [1378] 10/15  滑らない踊りのための、垂直軸の捉え方と床と仲良くする方法
INFO ✓ [1382] 11/5  体が止まらないようにしよう
INFO ✓ [1386] 11/19  体が止まらない踊り Tango編
INFO ✓ [1389] 12/3 組み方とホールド
INFO ✓ [1395] 12/17 組み方とホールド 上半身編をSlowfoxで練習します。
INFO ✓ [1400] 1/21 ウェスト部分の体幹を使おう！
INFO ✓ [1405] 2/4 動作トレーニングで身につけるテクニック
INFO ✓ [1413] 2/18 動作トレーニングで身につけるテクニック
INFO ✓ [1418] 3/4 スネの使い方　ワルツ編
INFO ✓ [1426] 3/18 体幹を使って踊る お腹と肩の使い方
INFO ✓ [1431] 4/1 ネックの使い方　首で顔の向きを変えちゃダメ。
INFO ✓ [1438] 4/15 レッスンで見るべきポイント
INFO ✓ [1446] 6/3  呼吸をポスチャーに活かそう
INFO ✓ [1462] 7/1  セオリーの理解が上達の最短ルート
INFO ✓ [1470] 7/8 セオリーの習得　ポジション
INFO ✓ [1475] 7/29 セイムフットポジションへのポジションチェンジ
INFO ✓ [1481] 8/5 ポイズを見直そう
INFO ✓ [1488] 8/26 ピクチャーポーズの中でのポイズ
INFO ✓ [1492] 9/2 フットワークからダンスを見直す
INFO ✓ [1495] 9/16 動きを大きくするフットワーク
INFO ✓ [1500] 9/30 足裏感覚とフットワーク
INFO ✓ [1503] 10/7 スイングの仕組みと条件
INFO ✓ [1517] 10/21 安定した軸足から生まれるスイング
INFO ✓ [1522] 11/4 ベニーズワルツはワルツと違うスイングで踊ろう
INFO ✓ [1528] 11/18 ベニーズワルツ　フレッカール編
INFO ✓ [1540] 12/2 ホールドに使う筋肉と骨格
INFO ✓ [1548] 12/16 姿勢を作る筋肉と骨格
INFO ✓ [1553] 1/6  身体全体の統合と連動
INFO ✓ [1566] 1/20 カップルのスケールアップ
INFO ✓ [1572] 2/17 ボディトーンと軽さを両立させるテンセグリティを学ぼう！
INFO ✓ [1575] ボディトーンと軽さを両立させるテンセグリティを学ぼう！
INFO ✓ [1582] 3/3 重心を感じる身体をつくる。重心移動と表現力
INFO ✓ [1592] 3/17 グラつかない重心が良い重心移動に繋がる
INFO === 完了: 143 件の新記事を取得 ===
